<?xml version="1.0" encoding="UTF-8"?>
<!-- Generated by org.testng.reporters.JUnitReportReporter -->
<testsuite skipped="0" hostname="Akhileshs-MacBook-Pro.local" name="TestNGDemo.FacebookLoginTestCases" tests="3" failures="0" timestamp="2021-04-25T11:44:27 IST" time="0.006" errors="0">
  <testcase name="TC03_CommentFacebookTest" time="0.002" classname="TestNGDemo.FacebookLoginTestCases"/>
  <system-out/>
  <testcase name="TC02_UploadFotoInFacebookTest" time="0.001" classname="TestNGDemo.FacebookLoginTestCases"/>
  <system-out/>
  <testcase name="TC01_LoginFacebookTest" time="0.003" classname="TestNGDemo.FacebookLoginTestCases"/>
  <system-out/>
</testsuite> <!-- TestNGDemo.FacebookLoginTestCases -->
